23:08:28.193 [main] INFO  com.intuit.karate - karate.env system property was:  
23:08:30.889 [main] DEBUG com.intuit.karate - request:
1 > GET http://localhost:8080/qa_testCalc_java11/restWS/add
1 > Accept-Encoding: gzip,deflate
1 > Connection: Keep-Alive
1 > Host: localhost:8080
1 > User-Agent: Apache-HttpClient/4.5.12 (Java/1.8.0_162)

23:08:34.932 [main] ERROR com.intuit.karate - org.apache.http.conn.HttpHostConnectException: Connect to localhost:8080 [localhost/127.0.0.1, localhost/0:0:0:0:0:0:0:1] failed: Connection refused: connect, http call failed after 4042 milliseconds for URL: http://localhost:8080/qa_testCalc_java11/restWS/add
23:08:34.933 [main] ERROR com.intuit.karate - http request failed: 
org.apache.http.conn.HttpHostConnectException: Connect to localhost:8080 [localhost/127.0.0.1, localhost/0:0:0:0:0:0:0:1] failed: Connection refused: connect
23:08:34.939 [main] DEBUG com.intuit.karate - request:
1 > GET http://localhost:8080/qa_testCalc_java11/restWS/add
1 > Accept-Encoding: gzip,deflate
1 > Connection: Keep-Alive
1 > Host: localhost:8080
1 > User-Agent: Apache-HttpClient/4.5.12 (Java/1.8.0_162)

23:08:38.945 [main] ERROR com.intuit.karate - org.apache.http.conn.HttpHostConnectException: Connect to localhost:8080 [localhost/127.0.0.1, localhost/0:0:0:0:0:0:0:1] failed: Connection refused: connect, http call failed after 4005 milliseconds for URL: http://localhost:8080/qa_testCalc_java11/restWS/add
23:08:38.946 [main] ERROR com.intuit.karate - http request failed: 
org.apache.http.conn.HttpHostConnectException: Connect to localhost:8080 [localhost/127.0.0.1, localhost/0:0:0:0:0:0:0:1] failed: Connection refused: connect
23:08:38.960 [main] DEBUG com.intuit.karate - request:
1 > GET http://localhost:8080/qa_testCalc_java11/restWS/add?val1=3&val2=4.9
1 > Accept-Encoding: gzip,deflate
1 > Connection: Keep-Alive
1 > Host: localhost:8080
1 > User-Agent: Apache-HttpClient/4.5.12 (Java/1.8.0_162)

23:08:42.968 [main] ERROR com.intuit.karate - org.apache.http.conn.HttpHostConnectException: Connect to localhost:8080 [localhost/127.0.0.1, localhost/0:0:0:0:0:0:0:1] failed: Connection refused: connect, http call failed after 4007 milliseconds for URL: http://localhost:8080/qa_testCalc_java11/restWS/add?val1=3&val2=4.9
23:08:42.968 [main] ERROR com.intuit.karate - http request failed: 
org.apache.http.conn.HttpHostConnectException: Connect to localhost:8080 [localhost/127.0.0.1, localhost/0:0:0:0:0:0:0:1] failed: Connection refused: connect
23:08:42.983 [main] DEBUG com.intuit.karate - request:
1 > GET http://localhost:8080/qa_testCalc_java11/restWS/add?val1=6&val2=8&val3=7
1 > Accept-Encoding: gzip,deflate
1 > Connection: Keep-Alive
1 > Host: localhost:8080
1 > User-Agent: Apache-HttpClient/4.5.12 (Java/1.8.0_162)

23:08:46.992 [main] ERROR com.intuit.karate - org.apache.http.conn.HttpHostConnectException: Connect to localhost:8080 [localhost/127.0.0.1, localhost/0:0:0:0:0:0:0:1] failed: Connection refused: connect, http call failed after 4009 milliseconds for URL: http://localhost:8080/qa_testCalc_java11/restWS/add?val1=6&val2=8&val3=7
23:08:46.992 [main] ERROR com.intuit.karate - http request failed: 
org.apache.http.conn.HttpHostConnectException: Connect to localhost:8080 [localhost/127.0.0.1, localhost/0:0:0:0:0:0:0:1] failed: Connection refused: connect
23:08:47.000 [main] DEBUG com.intuit.karate - request:
1 > GET http://localhost:8080/qa_testCalc_java11/restWS/add?val1=&val2=
1 > Accept-Encoding: gzip,deflate
1 > Connection: Keep-Alive
1 > Host: localhost:8080
1 > User-Agent: Apache-HttpClient/4.5.12 (Java/1.8.0_162)

23:08:51.008 [main] ERROR com.intuit.karate - org.apache.http.conn.HttpHostConnectException: Connect to localhost:8080 [localhost/127.0.0.1, localhost/0:0:0:0:0:0:0:1] failed: Connection refused: connect, http call failed after 4008 milliseconds for URL: http://localhost:8080/qa_testCalc_java11/restWS/add?val1=&val2=
23:08:51.008 [main] ERROR com.intuit.karate - http request failed: 
org.apache.http.conn.HttpHostConnectException: Connect to localhost:8080 [localhost/127.0.0.1, localhost/0:0:0:0:0:0:0:1] failed: Connection refused: connect
23:08:51.009 [main] ERROR com.intuit.karate - feature call failed: classpath:features/commons/CommonValidations.feature
arg: {"operationURL":"http://localhost:8080/qa_testCalc_java11/restWS/add"}
CommonValidations.feature:13 - 
org.apache.http.conn.HttpHostConnectException: Connect to localhost:8080 [localhost/127.0.0.1, localhost/0:0:0:0:0:0:0:1] failed: Connection refused: connect
CommonValidations.feature:22 - 
org.apache.http.conn.HttpHostConnectException: Connect to localhost:8080 [localhost/127.0.0.1, localhost/0:0:0:0:0:0:0:1] failed: Connection refused: connect
CommonValidations.feature:43 - 
org.apache.http.conn.HttpHostConnectException: Connect to localhost:8080 [localhost/127.0.0.1, localhost/0:0:0:0:0:0:0:1] failed: Connection refused: connect
CommonValidations.feature:55 - 
org.apache.http.conn.HttpHostConnectException: Connect to localhost:8080 [localhost/127.0.0.1, localhost/0:0:0:0:0:0:0:1] failed: Connection refused: connect
CommonValidations.feature:64 - 
org.apache.http.conn.HttpHostConnectException: Connect to localhost:8080 [localhost/127.0.0.1, localhost/0:0:0:0:0:0:0:1] failed: Connection refused: connect
23:08:51.047 [main] INFO  com.intuit.karate - karate.env system property was:  
23:08:51.085 [main] DEBUG com.intuit.karate - request:
1 > GET http://localhost:8080/qa_testCalc_java11/restWS/add?val1=5&val2=4
1 > Accept-Encoding: gzip,deflate
1 > Connection: Keep-Alive
1 > Host: localhost:8080
1 > User-Agent: Apache-HttpClient/4.5.12 (Java/1.8.0_162)

23:08:55.102 [main] ERROR com.intuit.karate - org.apache.http.conn.HttpHostConnectException: Connect to localhost:8080 [localhost/127.0.0.1, localhost/0:0:0:0:0:0:0:1] failed: Connection refused: connect, http call failed after 4017 milliseconds for URL: http://localhost:8080/qa_testCalc_java11/restWS/add?val1=5&val2=4
23:08:55.102 [main] ERROR com.intuit.karate - http request failed: 
org.apache.http.conn.HttpHostConnectException: Connect to localhost:8080 [localhost/127.0.0.1, localhost/0:0:0:0:0:0:0:1] failed: Connection refused: connect
23:08:55.118 [main] INFO  com.intuit.karate - karate.env system property was:  
23:08:55.134 [main] DEBUG com.intuit.karate - request:
1 > GET http://localhost:8080/qa_testCalc_java11/restWS/add?val1=-44&val2=-984
1 > Accept-Encoding: gzip,deflate
1 > Connection: Keep-Alive
1 > Host: localhost:8080
1 > User-Agent: Apache-HttpClient/4.5.12 (Java/1.8.0_162)

23:08:59.141 [main] ERROR com.intuit.karate - org.apache.http.conn.HttpHostConnectException: Connect to localhost:8080 [localhost/127.0.0.1, localhost/0:0:0:0:0:0:0:1] failed: Connection refused: connect, http call failed after 4007 milliseconds for URL: http://localhost:8080/qa_testCalc_java11/restWS/add?val1=-44&val2=-984
23:08:59.141 [main] ERROR com.intuit.karate - http request failed: 
org.apache.http.conn.HttpHostConnectException: Connect to localhost:8080 [localhost/127.0.0.1, localhost/0:0:0:0:0:0:0:1] failed: Connection refused: connect
23:10:01.055 [main] INFO  com.intuit.karate - karate.env system property was: qa 
23:10:03.739 [main] DEBUG com.intuit.karate - request:
1 > GET http://localhost:8080/qa_testCalc_java11/restWS/add
1 > Accept-Encoding: gzip,deflate
1 > Connection: Keep-Alive
1 > Host: localhost:8080
1 > User-Agent: Apache-HttpClient/4.5.12 (Java/1.8.0_162)

23:10:07.780 [main] ERROR com.intuit.karate - org.apache.http.conn.HttpHostConnectException: Connect to localhost:8080 [localhost/127.0.0.1, localhost/0:0:0:0:0:0:0:1] failed: Connection refused: connect, http call failed after 4040 milliseconds for URL: http://localhost:8080/qa_testCalc_java11/restWS/add
23:10:07.781 [main] ERROR com.intuit.karate - http request failed: 
org.apache.http.conn.HttpHostConnectException: Connect to localhost:8080 [localhost/127.0.0.1, localhost/0:0:0:0:0:0:0:1] failed: Connection refused: connect
23:10:07.784 [main] DEBUG com.intuit.karate - request:
1 > GET http://localhost:8080/qa_testCalc_java11/restWS/add
1 > Accept-Encoding: gzip,deflate
1 > Connection: Keep-Alive
1 > Host: localhost:8080
1 > User-Agent: Apache-HttpClient/4.5.12 (Java/1.8.0_162)

23:10:11.796 [main] ERROR com.intuit.karate - org.apache.http.conn.HttpHostConnectException: Connect to localhost:8080 [localhost/127.0.0.1, localhost/0:0:0:0:0:0:0:1] failed: Connection refused: connect, http call failed after 4011 milliseconds for URL: http://localhost:8080/qa_testCalc_java11/restWS/add
23:10:11.797 [main] ERROR com.intuit.karate - http request failed: 
org.apache.http.conn.HttpHostConnectException: Connect to localhost:8080 [localhost/127.0.0.1, localhost/0:0:0:0:0:0:0:1] failed: Connection refused: connect
23:10:11.812 [main] DEBUG com.intuit.karate - request:
1 > GET http://localhost:8080/qa_testCalc_java11/restWS/add?val1=3&val2=4.9
1 > Accept-Encoding: gzip,deflate
1 > Connection: Keep-Alive
1 > Host: localhost:8080
1 > User-Agent: Apache-HttpClient/4.5.12 (Java/1.8.0_162)

23:10:15.820 [main] ERROR com.intuit.karate - org.apache.http.conn.HttpHostConnectException: Connect to localhost:8080 [localhost/127.0.0.1, localhost/0:0:0:0:0:0:0:1] failed: Connection refused: connect, http call failed after 4008 milliseconds for URL: http://localhost:8080/qa_testCalc_java11/restWS/add?val1=3&val2=4.9
23:10:15.821 [main] ERROR com.intuit.karate - http request failed: 
org.apache.http.conn.HttpHostConnectException: Connect to localhost:8080 [localhost/127.0.0.1, localhost/0:0:0:0:0:0:0:1] failed: Connection refused: connect
23:10:15.836 [main] DEBUG com.intuit.karate - request:
1 > GET http://localhost:8080/qa_testCalc_java11/restWS/add?val1=6&val2=8&val3=7
1 > Accept-Encoding: gzip,deflate
1 > Connection: Keep-Alive
1 > Host: localhost:8080
1 > User-Agent: Apache-HttpClient/4.5.12 (Java/1.8.0_162)

23:10:19.843 [main] ERROR com.intuit.karate - org.apache.http.conn.HttpHostConnectException: Connect to localhost:8080 [localhost/127.0.0.1, localhost/0:0:0:0:0:0:0:1] failed: Connection refused: connect, http call failed after 4007 milliseconds for URL: http://localhost:8080/qa_testCalc_java11/restWS/add?val1=6&val2=8&val3=7
23:10:19.844 [main] ERROR com.intuit.karate - http request failed: 
org.apache.http.conn.HttpHostConnectException: Connect to localhost:8080 [localhost/127.0.0.1, localhost/0:0:0:0:0:0:0:1] failed: Connection refused: connect
23:10:19.857 [main] DEBUG com.intuit.karate - request:
1 > GET http://localhost:8080/qa_testCalc_java11/restWS/add?val1=&val2=
1 > Accept-Encoding: gzip,deflate
1 > Connection: Keep-Alive
1 > Host: localhost:8080
1 > User-Agent: Apache-HttpClient/4.5.12 (Java/1.8.0_162)

23:10:23.865 [main] ERROR com.intuit.karate - org.apache.http.conn.HttpHostConnectException: Connect to localhost:8080 [localhost/127.0.0.1, localhost/0:0:0:0:0:0:0:1] failed: Connection refused: connect, http call failed after 4006 milliseconds for URL: http://localhost:8080/qa_testCalc_java11/restWS/add?val1=&val2=
23:10:23.866 [main] ERROR com.intuit.karate - http request failed: 
org.apache.http.conn.HttpHostConnectException: Connect to localhost:8080 [localhost/127.0.0.1, localhost/0:0:0:0:0:0:0:1] failed: Connection refused: connect
23:10:23.867 [main] ERROR com.intuit.karate - feature call failed: classpath:features/commons/CommonValidations.feature
arg: {"operationURL":"http://localhost:8080/qa_testCalc_java11/restWS/add"}
CommonValidations.feature:13 - 
org.apache.http.conn.HttpHostConnectException: Connect to localhost:8080 [localhost/127.0.0.1, localhost/0:0:0:0:0:0:0:1] failed: Connection refused: connect
CommonValidations.feature:22 - 
org.apache.http.conn.HttpHostConnectException: Connect to localhost:8080 [localhost/127.0.0.1, localhost/0:0:0:0:0:0:0:1] failed: Connection refused: connect
CommonValidations.feature:43 - 
org.apache.http.conn.HttpHostConnectException: Connect to localhost:8080 [localhost/127.0.0.1, localhost/0:0:0:0:0:0:0:1] failed: Connection refused: connect
CommonValidations.feature:55 - 
org.apache.http.conn.HttpHostConnectException: Connect to localhost:8080 [localhost/127.0.0.1, localhost/0:0:0:0:0:0:0:1] failed: Connection refused: connect
CommonValidations.feature:64 - 
org.apache.http.conn.HttpHostConnectException: Connect to localhost:8080 [localhost/127.0.0.1, localhost/0:0:0:0:0:0:0:1] failed: Connection refused: connect
23:10:23.905 [main] INFO  com.intuit.karate - karate.env system property was: qa 
23:10:23.963 [main] DEBUG com.intuit.karate - request:
1 > GET http://localhost:8080/qa_testCalc_java11/restWS/add?val1=5&val2=4
1 > Accept-Encoding: gzip,deflate
1 > Connection: Keep-Alive
1 > Host: localhost:8080
1 > User-Agent: Apache-HttpClient/4.5.12 (Java/1.8.0_162)

23:10:27.971 [main] ERROR com.intuit.karate - org.apache.http.conn.HttpHostConnectException: Connect to localhost:8080 [localhost/127.0.0.1, localhost/0:0:0:0:0:0:0:1] failed: Connection refused: connect, http call failed after 4007 milliseconds for URL: http://localhost:8080/qa_testCalc_java11/restWS/add?val1=5&val2=4
23:10:27.972 [main] ERROR com.intuit.karate - http request failed: 
org.apache.http.conn.HttpHostConnectException: Connect to localhost:8080 [localhost/127.0.0.1, localhost/0:0:0:0:0:0:0:1] failed: Connection refused: connect
23:10:27.988 [main] INFO  com.intuit.karate - karate.env system property was: qa 
23:10:28.003 [main] DEBUG com.intuit.karate - request:
1 > GET http://localhost:8080/qa_testCalc_java11/restWS/add?val1=-44&val2=-984
1 > Accept-Encoding: gzip,deflate
1 > Connection: Keep-Alive
1 > Host: localhost:8080
1 > User-Agent: Apache-HttpClient/4.5.12 (Java/1.8.0_162)

23:10:32.007 [main] ERROR com.intuit.karate - org.apache.http.conn.HttpHostConnectException: Connect to localhost:8080 [localhost/127.0.0.1, localhost/0:0:0:0:0:0:0:1] failed: Connection refused: connect, http call failed after 4004 milliseconds for URL: http://localhost:8080/qa_testCalc_java11/restWS/add?val1=-44&val2=-984
23:10:32.008 [main] ERROR com.intuit.karate - http request failed: 
org.apache.http.conn.HttpHostConnectException: Connect to localhost:8080 [localhost/127.0.0.1, localhost/0:0:0:0:0:0:0:1] failed: Connection refused: connect
23:10:59.512 [main] INFO  com.intuit.karate - karate.env system property was: qa 
23:11:03.349 [main] DEBUG com.intuit.karate - request:
1 > GET http://localhost:8080/qa_testCalc_java11/restWS/add
1 > Accept-Encoding: gzip,deflate
1 > Connection: Keep-Alive
1 > Host: localhost:8080
1 > User-Agent: Apache-HttpClient/4.5.12 (Java/1.8.0_162)

23:11:11.071 [main] DEBUG com.intuit.karate - response time in milliseconds: 7717.54
1 < 200
1 < Connection: keep-alive
1 < Content-Length: 12
1 < Content-Type: application/json
1 < Date: Tue, 22 Dec 2020 17:41:11 GMT
1 < Keep-Alive: timeout=20
{"result":0}

23:11:11.073 [main] ERROR com.intuit.karate - status code was: 200, expected: 404, response time: 7718, url: http://localhost:8080/qa_testCalc_java11/restWS/add, response: {"result":0}
23:11:11.077 [main] DEBUG com.intuit.karate - request:
1 > GET http://localhost:8080/qa_testCalc_java11/restWS/add
1 > Accept-Encoding: gzip,deflate
1 > Connection: Keep-Alive
1 > Host: localhost:8080
1 > User-Agent: Apache-HttpClient/4.5.12 (Java/1.8.0_162)

23:11:11.083 [main] DEBUG com.intuit.karate - response time in milliseconds: 5.20
1 < 200
1 < Connection: keep-alive
1 < Content-Length: 12
1 < Content-Type: application/json
1 < Date: Tue, 22 Dec 2020 17:41:11 GMT
1 < Keep-Alive: timeout=20
{"result":0}

23:11:11.083 [main] ERROR com.intuit.karate - status code was: 200, expected: 400, response time: 5, url: http://localhost:8080/qa_testCalc_java11/restWS/add, response: {"result":0}
23:11:11.097 [main] DEBUG com.intuit.karate - request:
1 > GET http://localhost:8080/qa_testCalc_java11/restWS/add?val1=3&val2=4.9
1 > Accept-Encoding: gzip,deflate
1 > Connection: Keep-Alive
1 > Host: localhost:8080
1 > User-Agent: Apache-HttpClient/4.5.12 (Java/1.8.0_162)

23:11:11.114 [main] DEBUG com.intuit.karate - response time in milliseconds: 16.49
1 < 404
1 < Connection: keep-alive
1 < Content-Language: en
1 < Content-Length: 713
1 < Content-Type: text/html;charset=utf-8
1 < Date: Tue, 22 Dec 2020 17:41:11 GMT
1 < Keep-Alive: timeout=20
<!doctype html><html lang="en"><head><title>HTTP Status 404 – Not Found</title><style type="text/css">body {font-family:Tahoma,Arial,sans-serif;} h1, h2, h3, b {color:white;background-color:#525D76;} h1 {font-size:22px;} h2 {font-size:16px;} h3 {font-size:14px;} p {font-size:12px;} a {color:black;} .line {height:1px;background-color:#525D76;border:none;}</style></head><body><h1>HTTP Status 404 – Not Found</h1><hr class="line" /><p><b>Type</b> Status Report</p><p><b>Message</b> Not Found</p><p><b>Description</b> The origin server did not find a current representation for the target resource or is not willing to disclose that one exists.</p><hr class="line" /><h3>Apache Tomcat/8.5.61</h3></body></html>

23:11:11.122 [main] WARN  com.intuit.karate - xml parsing failed, response data type set to string: org.xml.sax.SAXParseException; lineNumber: 1; columnNumber: 3; The markup in the document preceding the root element must be well-formed.
23:11:11.123 [main] ERROR com.intuit.karate - status code was: 404, expected: 400, response time: 16, url: http://localhost:8080/qa_testCalc_java11/restWS/add?val1=3&val2=4.9, response: <!doctype html><html lang="en"><head><title>HTTP Status 404 – Not Found</title><style type="text/css">body {font-family:Tahoma,Arial,sans-serif;} h1, h2, h3, b {color:white;background-color:#525D76;} h1 {font-size:22px;} h2 {font-size:16px;} h3 {font-size:14px;} p {font-size:12px;} a {color:black;} .line {height:1px;background-color:#525D76;border:none;}</style></head><body><h1>HTTP Status 404 – Not Found</h1><hr class="line" /><p><b>Type</b> Status Report</p><p><b>Message</b> Not Found</p><p><b>Description</b> The origin server did not find a current representation for the target resource or is not willing to disclose that one exists.</p><hr class="line" /><h3>Apache Tomcat/8.5.61</h3></body></html>
23:11:11.140 [main] DEBUG com.intuit.karate - request:
1 > GET http://localhost:8080/qa_testCalc_java11/restWS/add?val1=6&val2=8&val3=7
1 > Accept-Encoding: gzip,deflate
1 > Connection: Keep-Alive
1 > Host: localhost:8080
1 > User-Agent: Apache-HttpClient/4.5.12 (Java/1.8.0_162)

23:11:11.145 [main] DEBUG com.intuit.karate - response time in milliseconds: 4.97
1 < 200
1 < Connection: keep-alive
1 < Content-Length: 13
1 < Content-Type: application/json
1 < Date: Tue, 22 Dec 2020 17:41:11 GMT
1 < Keep-Alive: timeout=20
{"result":14}

23:11:11.147 [main] ERROR com.intuit.karate - status code was: 200, expected: 404, response time: 5, url: http://localhost:8080/qa_testCalc_java11/restWS/add?val1=6&val2=8&val3=7, response: {"result":14}
23:11:11.156 [main] DEBUG com.intuit.karate - request:
1 > GET http://localhost:8080/qa_testCalc_java11/restWS/add?val1=&val2=
1 > Accept-Encoding: gzip,deflate
1 > Connection: Keep-Alive
1 > Host: localhost:8080
1 > User-Agent: Apache-HttpClient/4.5.12 (Java/1.8.0_162)

23:11:11.163 [main] DEBUG com.intuit.karate - response time in milliseconds: 6.01
1 < 200
1 < Connection: keep-alive
1 < Content-Length: 12
1 < Content-Type: application/json
1 < Date: Tue, 22 Dec 2020 17:41:11 GMT
1 < Keep-Alive: timeout=20
{"result":0}

23:11:11.163 [main] ERROR com.intuit.karate - status code was: 200, expected: 404, response time: 6, url: http://localhost:8080/qa_testCalc_java11/restWS/add?val1=&val2=, response: {"result":0}
23:11:11.164 [main] ERROR com.intuit.karate - feature call failed: classpath:features/commons/CommonValidations.feature
arg: {"operationURL":"http://localhost:8080/qa_testCalc_java11/restWS/add"}
CommonValidations.feature:14 - status code was: 200, expected: 404, response time: 7718, url: http://localhost:8080/qa_testCalc_java11/restWS/add, response: {"result":0}
CommonValidations.feature:23 - status code was: 200, expected: 400, response time: 5, url: http://localhost:8080/qa_testCalc_java11/restWS/add, response: {"result":0}
CommonValidations.feature:44 - status code was: 404, expected: 400, response time: 16, url: http://localhost:8080/qa_testCalc_java11/restWS/add?val1=3&val2=4.9, response: <!doctype html><html lang="en"><head><title>HTTP Status 404 – Not Found</title><style type="text/css">body {font-family:Tahoma,Arial,sans-serif;} h1, h2, h3, b {color:white;background-color:#525D76;} h1 {font-size:22px;} h2 {font-size:16px;} h3 {font-size:14px;} p {font-size:12px;} a {color:black;} .line {height:1px;background-color:#525D76;border:none;}</style></head><body><h1>HTTP Status 404 – Not Found</h1><hr class="line" /><p><b>Type</b> Status Report</p><p><b>Message</b> Not Found</p><p><b>Description</b> The origin server did not find a current representation for the target resource or is not willing to disclose that one exists.</p><hr class="line" /><h3>Apache Tomcat/8.5.61</h3></body></html>
CommonValidations.feature:56 - status code was: 200, expected: 404, response time: 5, url: http://localhost:8080/qa_testCalc_java11/restWS/add?val1=6&val2=8&val3=7, response: {"result":14}
CommonValidations.feature:65 - status code was: 200, expected: 404, response time: 6, url: http://localhost:8080/qa_testCalc_java11/restWS/add?val1=&val2=, response: {"result":0}
23:11:11.204 [main] INFO  com.intuit.karate - karate.env system property was: qa 
23:11:11.244 [main] DEBUG com.intuit.karate - request:
1 > GET http://localhost:8080/qa_testCalc_java11/restWS/add?val1=5&val2=4
1 > Accept-Encoding: gzip,deflate
1 > Connection: Keep-Alive
1 > Host: localhost:8080
1 > User-Agent: Apache-HttpClient/4.5.12 (Java/1.8.0_162)

23:11:11.254 [main] DEBUG com.intuit.karate - response time in milliseconds: 9.26
1 < 200
1 < Connection: keep-alive
1 < Content-Length: 12
1 < Content-Type: application/json
1 < Date: Tue, 22 Dec 2020 17:41:11 GMT
1 < Keep-Alive: timeout=20
{"result":9}

23:11:11.256 [main] INFO  com.intuit.karate - [print] {
  "result": 9
}

23:11:11.291 [main] INFO  com.intuit.karate - karate.env system property was: qa 
23:11:11.313 [main] DEBUG com.intuit.karate - request:
1 > GET http://localhost:8080/qa_testCalc_java11/restWS/add?val1=-44&val2=-984
1 > Accept-Encoding: gzip,deflate
1 > Connection: Keep-Alive
1 > Host: localhost:8080
1 > User-Agent: Apache-HttpClient/4.5.12 (Java/1.8.0_162)

23:11:11.319 [main] DEBUG com.intuit.karate - response time in milliseconds: 4.76
1 < 200
1 < Connection: keep-alive
1 < Content-Length: 16
1 < Content-Type: application/json
1 < Date: Tue, 22 Dec 2020 17:41:11 GMT
1 < Keep-Alive: timeout=20
{"result":-1028}

