23:10:59.524 karate.env system property was: qa 
23:11:03.351 request:
1 > GET http://localhost:8080/qa_testCalc_java11/restWS/add
1 > Accept-Encoding: gzip,deflate
1 > Connection: Keep-Alive
1 > Host: localhost:8080
1 > User-Agent: Apache-HttpClient/4.5.12 (Java/1.8.0_162)

23:11:11.071 response time in milliseconds: 7717.54
1 < 200
1 < Connection: keep-alive
1 < Content-Length: 12
1 < Content-Type: application/json
1 < Date: Tue, 22 Dec 2020 17:41:11 GMT
1 < Keep-Alive: timeout=20
{"result":0}

23:11:11.073 status code was: 200, expected: 404, response time: 7718, url: http://localhost:8080/qa_testCalc_java11/restWS/add, response: {"result":0}
23:11:11.077 request:
1 > GET http://localhost:8080/qa_testCalc_java11/restWS/add
1 > Accept-Encoding: gzip,deflate
1 > Connection: Keep-Alive
1 > Host: localhost:8080
1 > User-Agent: Apache-HttpClient/4.5.12 (Java/1.8.0_162)

23:11:11.083 response time in milliseconds: 5.20
1 < 200
1 < Connection: keep-alive
1 < Content-Length: 12
1 < Content-Type: application/json
1 < Date: Tue, 22 Dec 2020 17:41:11 GMT
1 < Keep-Alive: timeout=20
{"result":0}

23:11:11.084 status code was: 200, expected: 400, response time: 5, url: http://localhost:8080/qa_testCalc_java11/restWS/add, response: {"result":0}
23:11:11.097 request:
1 > GET http://localhost:8080/qa_testCalc_java11/restWS/add?val1=3&val2=4.9
1 > Accept-Encoding: gzip,deflate
1 > Connection: Keep-Alive
1 > Host: localhost:8080
1 > User-Agent: Apache-HttpClient/4.5.12 (Java/1.8.0_162)

23:11:11.115 response time in milliseconds: 16.49
1 < 404
1 < Connection: keep-alive
1 < Content-Language: en
1 < Content-Length: 713
1 < Content-Type: text/html;charset=utf-8
1 < Date: Tue, 22 Dec 2020 17:41:11 GMT
1 < Keep-Alive: timeout=20
<!doctype html><html lang="en"><head><title>HTTP Status 404 – Not Found</title><style type="text/css">body {font-family:Tahoma,Arial,sans-serif;} h1, h2, h3, b {color:white;background-color:#525D76;} h1 {font-size:22px;} h2 {font-size:16px;} h3 {font-size:14px;} p {font-size:12px;} a {color:black;} .line {height:1px;background-color:#525D76;border:none;}</style></head><body><h1>HTTP Status 404 – Not Found</h1><hr class="line" /><p><b>Type</b> Status Report</p><p><b>Message</b> Not Found</p><p><b>Description</b> The origin server did not find a current representation for the target resource or is not willing to disclose that one exists.</p><hr class="line" /><h3>Apache Tomcat/8.5.61</h3></body></html>

23:11:11.122 xml parsing failed, response data type set to string: org.xml.sax.SAXParseException; lineNumber: 1; columnNumber: 3; The markup in the document preceding the root element must be well-formed.
23:11:11.123 status code was: 404, expected: 400, response time: 16, url: http://localhost:8080/qa_testCalc_java11/restWS/add?val1=3&val2=4.9, response: <!doctype html><html lang="en"><head><title>HTTP Status 404 – Not Found</title><style type="text/css">body {font-family:Tahoma,Arial,sans-serif;} h1, h2, h3, b {color:white;background-color:#525D76;} h1 {font-size:22px;} h2 {font-size:16px;} h3 {font-size:14px;} p {font-size:12px;} a {color:black;} .line {height:1px;background-color:#525D76;border:none;}</style></head><body><h1>HTTP Status 404 – Not Found</h1><hr class="line" /><p><b>Type</b> Status Report</p><p><b>Message</b> Not Found</p><p><b>Description</b> The origin server did not find a current representation for the target resource or is not willing to disclose that one exists.</p><hr class="line" /><h3>Apache Tomcat/8.5.61</h3></body></html>
23:11:11.140 request:
1 > GET http://localhost:8080/qa_testCalc_java11/restWS/add?val1=6&val2=8&val3=7
1 > Accept-Encoding: gzip,deflate
1 > Connection: Keep-Alive
1 > Host: localhost:8080
1 > User-Agent: Apache-HttpClient/4.5.12 (Java/1.8.0_162)

23:11:11.146 response time in milliseconds: 4.97
1 < 200
1 < Connection: keep-alive
1 < Content-Length: 13
1 < Content-Type: application/json
1 < Date: Tue, 22 Dec 2020 17:41:11 GMT
1 < Keep-Alive: timeout=20
{"result":14}

23:11:11.147 status code was: 200, expected: 404, response time: 5, url: http://localhost:8080/qa_testCalc_java11/restWS/add?val1=6&val2=8&val3=7, response: {"result":14}
23:11:11.156 request:
1 > GET http://localhost:8080/qa_testCalc_java11/restWS/add?val1=&val2=
1 > Accept-Encoding: gzip,deflate
1 > Connection: Keep-Alive
1 > Host: localhost:8080
1 > User-Agent: Apache-HttpClient/4.5.12 (Java/1.8.0_162)

23:11:11.163 response time in milliseconds: 6.01
1 < 200
1 < Connection: keep-alive
1 < Content-Length: 12
1 < Content-Type: application/json
1 < Date: Tue, 22 Dec 2020 17:41:11 GMT
1 < Keep-Alive: timeout=20
{"result":0}

23:11:11.164 status code was: 200, expected: 404, response time: 6, url: http://localhost:8080/qa_testCalc_java11/restWS/add?val1=&val2=, response: {"result":0}
23:11:11.164 feature call failed: classpath:features/commons/CommonValidations.feature
arg: {"operationURL":"http://localhost:8080/qa_testCalc_java11/restWS/add"}
CommonValidations.feature:14 - status code was: 200, expected: 404, response time: 7718, url: http://localhost:8080/qa_testCalc_java11/restWS/add, response: {"result":0}
CommonValidations.feature:23 - status code was: 200, expected: 400, response time: 5, url: http://localhost:8080/qa_testCalc_java11/restWS/add, response: {"result":0}
CommonValidations.feature:44 - status code was: 404, expected: 400, response time: 16, url: http://localhost:8080/qa_testCalc_java11/restWS/add?val1=3&val2=4.9, response: <!doctype html><html lang="en"><head><title>HTTP Status 404 – Not Found</title><style type="text/css">body {font-family:Tahoma,Arial,sans-serif;} h1, h2, h3, b {color:white;background-color:#525D76;} h1 {font-size:22px;} h2 {font-size:16px;} h3 {font-size:14px;} p {font-size:12px;} a {color:black;} .line {height:1px;background-color:#525D76;border:none;}</style></head><body><h1>HTTP Status 404 – Not Found</h1><hr class="line" /><p><b>Type</b> Status Report</p><p><b>Message</b> Not Found</p><p><b>Description</b> The origin server did not find a current representation for the target resource or is not willing to disclose that one exists.</p><hr class="line" /><h3>Apache Tomcat/8.5.61</h3></body></html>
CommonValidations.feature:56 - status code was: 200, expected: 404, response time: 5, url: http://localhost:8080/qa_testCalc_java11/restWS/add?val1=6&val2=8&val3=7, response: {"result":14}
CommonValidations.feature:65 - status code was: 200, expected: 404, response time: 6, url: http://localhost:8080/qa_testCalc_java11/restWS/add?val1=&val2=, response: {"result":0}
23:11:11.204 karate.env system property was: qa 
23:11:11.244 request:
1 > GET http://localhost:8080/qa_testCalc_java11/restWS/add?val1=5&val2=4
1 > Accept-Encoding: gzip,deflate
1 > Connection: Keep-Alive
1 > Host: localhost:8080
1 > User-Agent: Apache-HttpClient/4.5.12 (Java/1.8.0_162)

23:11:11.254 response time in milliseconds: 9.26
1 < 200
1 < Connection: keep-alive
1 < Content-Length: 12
1 < Content-Type: application/json
1 < Date: Tue, 22 Dec 2020 17:41:11 GMT
1 < Keep-Alive: timeout=20
{"result":9}

23:11:11.257 [print] {
  "result": 9
}

23:11:11.291 karate.env system property was: qa 
23:11:11.314 request:
1 > GET http://localhost:8080/qa_testCalc_java11/restWS/add?val1=-44&val2=-984
1 > Accept-Encoding: gzip,deflate
1 > Connection: Keep-Alive
1 > Host: localhost:8080
1 > User-Agent: Apache-HttpClient/4.5.12 (Java/1.8.0_162)

23:11:11.319 response time in milliseconds: 4.76
1 < 200
1 < Connection: keep-alive
1 < Content-Length: 16
1 < Content-Type: application/json
1 < Date: Tue, 22 Dec 2020 17:41:11 GMT
1 < Keep-Alive: timeout=20
{"result":-1028}

